<?xml version="1.0" encoding="UTF-8"?>
<testng-results ignored="0" total="0" passed="0" failed="0" skipped="0">
  <reporter-output>
  </reporter-output>
  <suite started-at="2024-03-04T12:55:30 IST" name="Default suite" finished-at="2024-03-04T12:55:31 IST" duration-ms="1299">
    <groups>
      <group name="cucumber">
        <method signature="AbstractTestNGCucumberTests.runScenario(io.cucumber.testng.PickleWrapper,io.cucumber.testng.FeatureWrapper)[pri:0, instance:com.empulse.mfa.ui.runner.TestNGTestRunner@140c9f39]" name="runScenario" class="io.cucumber.testng.AbstractTestNGCucumberTests"/>
      </group> <!-- cucumber -->
    </groups>
    <test started-at="2024-03-04T12:55:30 IST" name="Default test" finished-at="2024-03-04T12:55:31 IST" duration-ms="1299">
      <class name="com.empulse.mfa.ui.runner.TestNGTestRunner">
        <test-method is-config="true" signature="setUpClass(org.testng.ITestContext)[pri:0, instance:com.empulse.mfa.ui.runner.TestNGTestRunner@140c9f39]" started-at="2024-03-04T12:55:30 IST" name="setUpClass" finished-at="2024-03-04T12:55:31 IST" duration-ms="930" status="PASS">
          <params>
            <param index="0">
              <value>
                <![CDATA[org.testng.TestRunner@21a66d45]]>
              </value>
            </param>
          </params>
          <reporter-output>
          </reporter-output>
        </test-method> <!-- setUpClass -->
        <test-method is-config="true" signature="tearDownClass()[pri:0, instance:com.empulse.mfa.ui.runner.TestNGTestRunner@140c9f39]" started-at="2024-03-04T12:55:31 IST" name="tearDownClass" finished-at="2024-03-04T12:55:31 IST" duration-ms="330" status="PASS">
          <reporter-output>
          </reporter-output>
        </test-method> <!-- tearDownClass -->
      </class> <!-- com.empulse.mfa.ui.runner.TestNGTestRunner -->
    </test> <!-- Default test -->
  </suite> <!-- Default suite -->
</testng-results>
