<?xml version="1.0" encoding="UTF-8"?>
<!-- Generated by org.testng.reporters.JUnitReportReporter -->
<testsuite hostname="BNGEMPL52" failures="0" tests="1" name="com.empulse.cycle.ui.runner.TestNGTestRunner" time="33.362" errors="1" timestamp="2024-02-25T20:52:50 IST" skipped="0">
  <testcase classname="com.empulse.cycle.ui.runner.TestNGTestRunner" name="runScenario" time="33.362">
    <error message="Not provider of jakarta.mail.util.StreamProvider was found" type="java.lang.IllegalStateException">
      <![CDATA[java.lang.IllegalStateException: Not provider of jakarta.mail.util.StreamProvider was found
at jakarta.mail.util.FactoryFinder.find(FactoryFinder.java:61)
at jakarta.mail.util.StreamProvider.provider(StreamProvider.java:199)
at jakarta.mail.Session.<init>(Session.java:256)
at jakarta.mail.Session.getDefaultInstance(Session.java:382)
at jakarta.mail.Session.getDefaultInstance(Session.java:422)
at com.empulse.cycle.ui.pageobject.LoginPage.readOTPFromEmail(LoginPage.java:46)
at com.empulse.cycle.ui.stepdefinitions.LoginPageStepDefinition.user_receives_OTP(LoginPageStepDefinition.java:61)
at ✽.User receives OTP(file:///C:/Users/EMPULSE/eclipse-workspace/MFAdemo/src/test/java/com/empulse/cycle/ui/features/LoginEmail.feature:7)
]]>
    </error>
  </testcase> <!-- runScenario -->
</testsuite> <!-- com.empulse.cycle.ui.runner.TestNGTestRunner -->
