<?xml version="1.0" encoding="UTF-8"?>
<!-- Generated by org.testng.reporters.JUnitReportReporter -->
<testsuite hostname="BNGEMPL52" failures="0" tests="1" name="com.empulse.mfa.ui.runner.TestNGTestRunner" time="22.399" errors="1" timestamp="2024-03-02T21:47:39 IST" skipped="0">
  <testcase classname="com.empulse.mfa.ui.runner.TestNGTestRunner" name="runScenario" time="22.399">
    <error message="Not provider of jakarta.mail.util.StreamProvider was found" type="java.lang.IllegalStateException">
      <![CDATA[java.lang.IllegalStateException: Not provider of jakarta.mail.util.StreamProvider was found
at jakarta.mail.util.FactoryFinder.find(FactoryFinder.java:61)
at jakarta.mail.util.StreamProvider.provider(StreamProvider.java:199)
at jakarta.mail.Session.<init>(Session.java:256)
at jakarta.mail.Session.getDefaultInstance(Session.java:382)
at jakarta.mail.Session.getDefaultInstance(Session.java:422)
at com.empulse.mfa.ui.pageobject.LoginPage.readOTPFromEmail(LoginPage.java:51)
at com.empulse.mfa.ui.stepdefinitions.LoginPageStepDefinition.user_receives_OTP(LoginPageStepDefinition.java:58)
at ✽.User receives OTP(file:///C:/Users/EMPULSE/eclipse-workspace/MFAdemo/src/test/java/com/empulse/mfa/ui/features/LoginEmail.feature:7)
]]>
    </error>
  </testcase> <!-- runScenario -->
</testsuite> <!-- com.empulse.mfa.ui.runner.TestNGTestRunner -->
